Build started 2013-03-25 오후 10:11:30.
     1>Project "D:\project\github\Infinity\extensions\proj.win32\libExtensions.vcxproj" on node 3 (build target(s)).
     1>InitializeBuildStatus:
         Creating "Debug.win32\libExtensions.unsuccessfulbuild" because "AlwaysCreate" was specified.
       ClCompile:
         C:\Program Files (x86)\Microsoft Visual Studio 10.0\VC\bin\CL.exe /c /I"C:\Program Files (x86)\Microsoft SDKs\Windows\v7.1A\include" /ID:\project\github\Infinity\extensions\proj.win32\..\..\external\chipmunk\include\chipmunk /ID:\project\github\Infinity\extensions\proj.win32\..\..\external\sqlite3\include /ID:\project\github\Infinity\extensions\proj.win32\..\..\external /ID:\project\github\Infinity\extensions\proj.win32\..\..\cocos2dx /ID:\project\github\Infinity\extensions\proj.win32\..\..\cocos2dx\include /ID:\project\github\Infinity\extensions\proj.win32\..\..\cocos2dx\kazmath\include /ID:\project\github\Infinity\extensions\proj.win32\..\..\cocos2dx\platform\win32 /ID:\project\github\Infinity\extensions\proj.win32\..\..\cocos2dx\platform\third_party\win32 /ID:\project\github\Infinity\extensions\proj.win32\..\..\cocos2dx\platform\third_party\win32\pthread /ID:\project\github\Infinity\extensions\proj.win32\..\..\cocos2dx\platform\third_party\win32\OGLES /ID:\project\github\Infinity\extensions\proj.win32\..\..\cocos2dx\platform\third_party\win32\zlib /ID:\project\github\Infinity\extensions\proj.win32\..\..\CocosDenshion\include /I..\ /ZI /nologo /W3 /WX- /Od /Oy- /D WIN32 /D _WINDOWS /D _DEBUG /D _LIB /D COCOS2D_DEBUG=1 /D CC_ENABLE_CHIPMUNK_INTEGRATION=1 /D _CRT_SECURE_NO_WARNINGS /D _SCL_SECURE_NO_WARNINGS /D _UNICODE /D UNICODE /Gm /EHsc /RTC1 /MDd /GS /fp:precise /Zc:wchar_t /Zc:forScope /Fo"Debug.win32\\" /Fd"Debug.win32\vc100.pdb" /Gd /TP /wd4267 /wd4251 /wd4244 /analyze- /errorReport:prompt ..\AssetsManager\AssetsManager.cpp ..\CCBReader\CCBAnimationManager.cpp ..\CCBReader\CCBFileLoader.cpp ..\CCBReader\CCBKeyframe.cpp ..\CCBReader\CCBReader.cpp ..\CCBReader\CCBSequence.cpp ..\CCBReader\CCBSequenceProperty.cpp ..\CCBReader\CCBValue.cpp ..\CCBReader\CCControlButtonLoader.cpp ..\CCBReader\CCControlLoader.cpp ..\CCBReader\CCData.cpp ..\CCBReader\CCLabelBMFontLoader.cpp ..\CCBReader\CCLabelTTFLoader.cpp ..\CCBReader\CCLayerColorLoader.cpp ..\CCBReader\CCLayerGradientLoader.cpp ..\CCBReader\CCLayerLoader.cpp ..\CCBReader\CCMenuItemImageLoader.cpp ..\CCBReader\CCMenuItemLoader.cpp ..\CCBReader\CCNode+CCBRelativePositioning.cpp ..\CCBReader\CCNodeLoader.cpp ..\CCBReader\CCNodeLoaderLibrary.cpp ..\CCBReader\CCParticleSystemQuadLoader.cpp ..\CCBReader\CCScale9SpriteLoader.cpp ..\CCBReader\CCScrollViewLoader.cpp ..\CCBReader\CCSpriteLoader.cpp ..\GUI\CCControlExtension\CCControl.cpp ..\GUI\CCControlExtension\CCControlButton.cpp ..\GUI\CCControlExtension\CCControlColourPicker.cpp ..\GUI\CCControlExtension\CCControlHuePicker.cpp ..\GUI\CCControlExtension\CCControlPotentiometer.cpp ..\GUI\CCControlExtension\CCControlSaturationBrightnessPicker.cpp ..\GUI\CCControlExtension\CCControlSlider.cpp ..\GUI\CCControlExtension\CCControlStepper.cpp ..\GUI\CCControlExtension\CCControlSwitch.cpp ..\GUI\CCControlExtension\CCControlUtils.cpp ..\GUI\CCControlExtension\CCInvocation.cpp ..\GUI\CCControlExtension\CCScale9Sprite.cpp ..\GUI\CCEditBox\CCEditBox.cpp ..\GUI\CCEditBox\CCEditBoxImplWin.cpp ..\GUI\CCScrollView\CCScrollView.cpp ..\GUI\CCScrollView\CCSorting.cpp ..\GUI\CCScrollView\CCTableView.cpp ..\GUI\CCScrollView\CCTableViewCell.cpp ..\LocalStorage\LocalStorage.cpp ..\network\HttpClient.cpp ..\physics_nodes\CCPhysicsDebugNode.cpp ..\physics_nodes\CCPhysicsSprite.cpp Win32InputBox.cpp
         Win32InputBox.cpp
     1>d:\project\github\infinity\cocos2dx\platform\win32\ccplatformdefine.h(11): fatal error C1083: Cannot open include file: 'assert.h': No such file or directory
         CCPhysicsSprite.cpp
     1>d:\project\github\infinity\cocos2dx\platform\win32\ccplatformdefine.h(11): fatal error C1083: Cannot open include file: 'assert.h': No such file or directory
         CCPhysicsDebugNode.cpp
     1>d:\project\github\infinity\cocos2dx\platform\win32\ccplatformdefine.h(11): fatal error C1083: Cannot open include file: 'assert.h': No such file or directory
         HttpClient.cpp
     1>d:\project\github\infinity\cocos2dx\platform\win32\ccplatformdefine.h(11): fatal error C1083: Cannot open include file: 'assert.h': No such file or directory
         LocalStorage.cpp
     1>d:\project\github\infinity\cocos2dx\platform\win32\ccplatformdefine.h(11): fatal error C1083: Cannot open include file: 'assert.h': No such file or directory
         CCTableViewCell.cpp
     1>d:\project\github\infinity\cocos2dx\platform\win32\ccplatformdefine.h(11): fatal error C1083: Cannot open include file: 'assert.h': No such file or directory
         CCTableView.cpp
     1>d:\project\github\infinity\cocos2dx\platform\win32\ccplatformdefine.h(11): fatal error C1083: Cannot open include file: 'assert.h': No such file or directory
         CCSorting.cpp
     1>d:\project\github\infinity\cocos2dx\platform\win32\ccplatformdefine.h(11): fatal error C1083: Cannot open include file: 'assert.h': No such file or directory
         CCScrollView.cpp
     1>d:\project\github\infinity\cocos2dx\platform\win32\ccplatformdefine.h(11): fatal error C1083: Cannot open include file: 'assert.h': No such file or directory
         CCEditBoxImplWin.cpp
     1>d:\project\github\infinity\cocos2dx\platform\win32\ccplatformdefine.h(11): fatal error C1083: Cannot open include file: 'assert.h': No such file or directory
         CCEditBox.cpp
     1>d:\project\github\infinity\cocos2dx\platform\win32\ccplatformdefine.h(11): fatal error C1083: Cannot open include file: 'assert.h': No such file or directory
         CCScale9Sprite.cpp
     1>d:\project\github\infinity\cocos2dx\platform\win32\ccplatformdefine.h(11): fatal error C1083: Cannot open include file: 'assert.h': No such file or directory
         CCInvocation.cpp
     1>d:\project\github\infinity\cocos2dx\platform\win32\ccplatformdefine.h(11): fatal error C1083: Cannot open include file: 'assert.h': No such file or directory
         CCControlUtils.cpp
     1>d:\project\github\infinity\cocos2dx\platform\win32\ccplatformdefine.h(11): fatal error C1083: Cannot open include file: 'assert.h': No such file or directory
         CCControlSwitch.cpp
     1>d:\project\github\infinity\cocos2dx\platform\win32\ccplatformdefine.h(11): fatal error C1083: Cannot open include file: 'assert.h': No such file or directory
         CCControlStepper.cpp
     1>d:\project\github\infinity\cocos2dx\platform\win32\ccplatformdefine.h(11): fatal error C1083: Cannot open include file: 'assert.h': No such file or directory
         CCControlSlider.cpp
     1>d:\project\github\infinity\cocos2dx\platform\win32\ccplatformdefine.h(11): fatal error C1083: Cannot open include file: 'assert.h': No such file or directory
         CCControlSaturationBrightnessPicker.cpp
     1>d:\project\github\infinity\cocos2dx\platform\win32\ccplatformdefine.h(11): fatal error C1083: Cannot open include file: 'assert.h': No such file or directory
         CCControlPotentiometer.cpp
     1>d:\project\github\infinity\extensions\gui\cccontrolextension\cccontrolpotentiometer.h : warning C4819: The file contains a character that cannot be represented in the current code page (949). Save the file in Unicode format to prevent data loss
     1>d:\project\github\infinity\cocos2dx\platform\win32\ccplatformdefine.h(11): fatal error C1083: Cannot open include file: 'assert.h': No such file or directory
         CCControlHuePicker.cpp
     1>d:\project\github\infinity\cocos2dx\platform\win32\ccplatformdefine.h(11): fatal error C1083: Cannot open include file: 'assert.h': No such file or directory
         Generating Code...
         Compiling...
         CCControlColourPicker.cpp
     1>d:\project\github\infinity\cocos2dx\platform\win32\ccplatformdefine.h(11): fatal error C1083: Cannot open include file: 'assert.h': No such file or directory
         CCControlButton.cpp
     1>d:\project\github\infinity\cocos2dx\platform\win32\ccplatformdefine.h(11): fatal error C1083: Cannot open include file: 'assert.h': No such file or directory
         CCControl.cpp
     1>d:\project\github\infinity\cocos2dx\platform\win32\ccplatformdefine.h(11): fatal error C1083: Cannot open include file: 'assert.h': No such file or directory
         CCSpriteLoader.cpp
     1>d:\project\github\infinity\cocos2dx\platform\win32\ccplatformdefine.h(11): fatal error C1083: Cannot open include file: 'assert.h': No such file or directory
         CCScrollViewLoader.cpp
     1>d:\project\github\infinity\cocos2dx\platform\win32\ccplatformdefine.h(11): fatal error C1083: Cannot open include file: 'assert.h': No such file or directory
         CCScale9SpriteLoader.cpp
     1>d:\project\github\infinity\cocos2dx\platform\win32\ccplatformdefine.h(11): fatal error C1083: Cannot open include file: 'assert.h': No such file or directory
         CCParticleSystemQuadLoader.cpp
     1>d:\project\github\infinity\cocos2dx\platform\win32\ccplatformdefine.h(11): fatal error C1083: Cannot open include file: 'assert.h': No such file or directory
         CCNodeLoaderLibrary.cpp
     1>d:\project\github\infinity\cocos2dx\platform\win32\ccplatformdefine.h(11): fatal error C1083: Cannot open include file: 'assert.h': No such file or directory
         CCNodeLoader.cpp
     1>d:\project\github\infinity\cocos2dx\platform\win32\ccplatformdefine.h(11): fatal error C1083: Cannot open include file: 'assert.h': No such file or directory
         CCNode+CCBRelativePositioning.cpp
     1>d:\project\github\infinity\cocos2dx\platform\win32\ccplatformdefine.h(11): fatal error C1083: Cannot open include file: 'assert.h': No such file or directory
         CCMenuItemLoader.cpp
     1>d:\project\github\infinity\cocos2dx\platform\win32\ccplatformdefine.h(11): fatal error C1083: Cannot open include file: 'assert.h': No such file or directory
         CCMenuItemImageLoader.cpp
     1>d:\project\github\infinity\cocos2dx\platform\win32\ccplatformdefine.h(11): fatal error C1083: Cannot open include file: 'assert.h': No such file or directory
         CCLayerLoader.cpp
     1>d:\project\github\infinity\cocos2dx\platform\win32\ccplatformdefine.h(11): fatal error C1083: Cannot open include file: 'assert.h': No such file or directory
         CCLayerGradientLoader.cpp
     1>d:\project\github\infinity\cocos2dx\platform\win32\ccplatformdefine.h(11): fatal error C1083: Cannot open include file: 'assert.h': No such file or directory
         CCLayerColorLoader.cpp
     1>d:\project\github\infinity\cocos2dx\platform\win32\ccplatformdefine.h(11): fatal error C1083: Cannot open include file: 'assert.h': No such file or directory
         CCLabelTTFLoader.cpp
     1>d:\project\github\infinity\cocos2dx\platform\win32\ccplatformdefine.h(11): fatal error C1083: Cannot open include file: 'assert.h': No such file or directory
         CCLabelBMFontLoader.cpp
     1>d:\project\github\infinity\cocos2dx\platform\win32\ccplatformdefine.h(11): fatal error C1083: Cannot open include file: 'assert.h': No such file or directory
         CCData.cpp
     1>d:\project\github\infinity\cocos2dx\platform\win32\ccplatformdefine.h(11): fatal error C1083: Cannot open include file: 'assert.h': No such file or directory
         CCControlLoader.cpp
     1>d:\project\github\infinity\cocos2dx\platform\win32\ccplatformdefine.h(11): fatal error C1083: Cannot open include file: 'assert.h': No such file or directory
         CCControlButtonLoader.cpp
     1>d:\project\github\infinity\cocos2dx\platform\win32\ccplatformdefine.h(11): fatal error C1083: Cannot open include file: 'assert.h': No such file or directory
         Generating Code...
         Compiling...
         CCBValue.cpp
     1>d:\project\github\infinity\cocos2dx\platform\win32\ccplatformdefine.h(11): fatal error C1083: Cannot open include file: 'assert.h': No such file or directory
         CCBSequenceProperty.cpp
     1>d:\project\github\infinity\cocos2dx\platform\win32\ccplatformdefine.h(11): fatal error C1083: Cannot open include file: 'assert.h': No such file or directory
         CCBSequence.cpp
     1>d:\project\github\infinity\extensions\ccbreader\ccbsequence.h(4): fatal error C1083: Cannot open include file: 'string': No such file or directory
         CCBReader.cpp
     1>d:\project\github\infinity\cocos2dx\platform\win32\ccplatformdefine.h(11): fatal error C1083: Cannot open include file: 'assert.h': No such file or directory
         CCBKeyframe.cpp
     1>d:\project\github\infinity\cocos2dx\platform\win32\ccplatformdefine.h(11): fatal error C1083: Cannot open include file: 'assert.h': No such file or directory
         CCBFileLoader.cpp
     1>d:\project\github\infinity\cocos2dx\platform\win32\ccplatformdefine.h(11): fatal error C1083: Cannot open include file: 'assert.h': No such file or directory
         CCBAnimationManager.cpp
     1>d:\project\github\infinity\cocos2dx\platform\win32\ccplatformdefine.h(11): fatal error C1083: Cannot open include file: 'assert.h': No such file or directory
         AssetsManager.cpp
     1>d:\project\github\infinity\extensions\assetsmanager\assetsmanager.h(28): fatal error C1083: Cannot open include file: 'string': No such file or directory
         Generating Code...
     1>Done Building Project "D:\project\github\Infinity\extensions\proj.win32\libExtensions.vcxproj" (build target(s)) -- FAILED.

Build FAILED.

Time Elapsed 00:00:00.97
